<?xml version="1.0" encoding="UTF-8"?>
<testsuite xmlns:xsi="http://www.w3.org/2001/XMLSchema-instance" xsi:noNamespaceSchemaLocation="https://maven.apache.org/surefire/maven-surefire-plugin/xsd/surefire-test-report-3.0.xsd" version="3.0" name="talant_work.MergeSortJUnitTest" time="0.04" tests="3" errors="0" skipped="0" failures="0">
  <properties>
[...]
</properties>
  <testcase name="testRandomArray" classname="talant_work.MergeSortJUnitTest" time="0.028"/>
  <testcase name="testReverseArray" classname="talant_work.MergeSortJUnitTest" time="0.001"/>
  <testcase name="testSortedArray" classname="talant_work.MergeSortJUnitTest" time="0.0"/>
</testsuite>